running egg_info
creating ../build/servo_driver/servo_driver.egg-info
writing ../build/servo_driver/servo_driver.egg-info/PKG-INFO
writing dependency_links to ../build/servo_driver/servo_driver.egg-info/dependency_links.txt
writing entry points to ../build/servo_driver/servo_driver.egg-info/entry_points.txt
writing requirements to ../build/servo_driver/servo_driver.egg-info/requires.txt
writing top-level names to ../build/servo_driver/servo_driver.egg-info/top_level.txt
writing manifest file '../build/servo_driver/servo_driver.egg-info/SOURCES.txt'
reading manifest file '../build/servo_driver/servo_driver.egg-info/SOURCES.txt'
adding license file 'LICENSE'
writing manifest file '../build/servo_driver/servo_driver.egg-info/SOURCES.txt'
running build
running build_py
creating /home/mcc/Desktop/project_clifford_ws/ProjectClifford/build/servo_driver/build
creating /home/mcc/Desktop/project_clifford_ws/ProjectClifford/build/servo_driver/build/lib
creating /home/mcc/Desktop/project_clifford_ws/ProjectClifford/build/servo_driver/build/lib/pca9685_nodes
copying pca9685_nodes/pca9685_test.py -> /home/mcc/Desktop/project_clifford_ws/ProjectClifford/build/servo_driver/build/lib/pca9685_nodes
copying pca9685_nodes/helloworld.py -> /home/mcc/Desktop/project_clifford_ws/ProjectClifford/build/servo_driver/build/lib/pca9685_nodes
copying pca9685_nodes/servo_pca9685.py -> /home/mcc/Desktop/project_clifford_ws/ProjectClifford/build/servo_driver/build/lib/pca9685_nodes
copying pca9685_nodes/__init__.py -> /home/mcc/Desktop/project_clifford_ws/ProjectClifford/build/servo_driver/build/lib/pca9685_nodes
running install
running install_lib
creating /home/mcc/Desktop/project_clifford_ws/ProjectClifford/install/servo_driver/lib/python3.10/site-packages/pca9685_nodes
copying /home/mcc/Desktop/project_clifford_ws/ProjectClifford/build/servo_driver/build/lib/pca9685_nodes/pca9685_test.py -> /home/mcc/Desktop/project_clifford_ws/ProjectClifford/install/servo_driver/lib/python3.10/site-packages/pca9685_nodes
copying /home/mcc/Desktop/project_clifford_ws/ProjectClifford/build/servo_driver/build/lib/pca9685_nodes/helloworld.py -> /home/mcc/Desktop/project_clifford_ws/ProjectClifford/install/servo_driver/lib/python3.10/site-packages/pca9685_nodes
copying /home/mcc/Desktop/project_clifford_ws/ProjectClifford/build/servo_driver/build/lib/pca9685_nodes/servo_pca9685.py -> /home/mcc/Desktop/project_clifford_ws/ProjectClifford/install/servo_driver/lib/python3.10/site-packages/pca9685_nodes
copying /home/mcc/Desktop/project_clifford_ws/ProjectClifford/build/servo_driver/build/lib/pca9685_nodes/__init__.py -> /home/mcc/Desktop/project_clifford_ws/ProjectClifford/install/servo_driver/lib/python3.10/site-packages/pca9685_nodes
byte-compiling /home/mcc/Desktop/project_clifford_ws/ProjectClifford/install/servo_driver/lib/python3.10/site-packages/pca9685_nodes/pca9685_test.py to pca9685_test.cpython-310.pyc
byte-compiling /home/mcc/Desktop/project_clifford_ws/ProjectClifford/install/servo_driver/lib/python3.10/site-packages/pca9685_nodes/helloworld.py to helloworld.cpython-310.pyc
byte-compiling /home/mcc/Desktop/project_clifford_ws/ProjectClifford/install/servo_driver/lib/python3.10/site-packages/pca9685_nodes/servo_pca9685.py to servo_pca9685.cpython-310.pyc
byte-compiling /home/mcc/Desktop/project_clifford_ws/ProjectClifford/install/servo_driver/lib/python3.10/site-packages/pca9685_nodes/__init__.py to __init__.cpython-310.pyc
running install_data
creating /home/mcc/Desktop/project_clifford_ws/ProjectClifford/install/servo_driver/share/ament_index
creating /home/mcc/Desktop/project_clifford_ws/ProjectClifford/install/servo_driver/share/ament_index/resource_index
creating /home/mcc/Desktop/project_clifford_ws/ProjectClifford/install/servo_driver/share/ament_index/resource_index/packages
copying resource/servo_driver -> /home/mcc/Desktop/project_clifford_ws/ProjectClifford/install/servo_driver/share/ament_index/resource_index/packages
copying package.xml -> /home/mcc/Desktop/project_clifford_ws/ProjectClifford/install/servo_driver/share/servo_driver
creating /home/mcc/Desktop/project_clifford_ws/ProjectClifford/install/servo_driver/share/servo_driver/launch
copying launch/joy_servos.launch.py -> /home/mcc/Desktop/project_clifford_ws/ProjectClifford/install/servo_driver/share/servo_driver/launch
creating /home/mcc/Desktop/project_clifford_ws/ProjectClifford/install/servo_driver/share/servo_driver/config
running install_egg_info
Copying ../build/servo_driver/servo_driver.egg-info to /home/mcc/Desktop/project_clifford_ws/ProjectClifford/install/servo_driver/lib/python3.10/site-packages/servo_driver-0.0.0-py3.10.egg-info
running install_scripts
Installing helloworld script to /home/mcc/Desktop/project_clifford_ws/ProjectClifford/install/servo_driver/lib/servo_driver
Installing servo_pca9685 script to /home/mcc/Desktop/project_clifford_ws/ProjectClifford/install/servo_driver/lib/servo_driver
writing list of installed files to '/home/mcc/Desktop/project_clifford_ws/ProjectClifford/build/servo_driver/install.log'
