[4.148s] Invoking command in '/home/mcc/Desktop/project_clifford_ws/ProjectClifford/servo_driver': PYTHONPATH=/home/mcc/Desktop/project_clifford_ws/ProjectClifford/build/servo_driver/prefix_override:/usr/lib/python3/dist-packages/colcon_core/task/python/colcon_distutils_commands:/home/mcc/Desktop/project_clifford_ws/ProjectClifford/install/servo_driver/lib/python3.10/site-packages:${PYTHONPATH} /usr/bin/python3 -W ignore:setup.py install is deprecated setup.py egg_info --egg-base ../build/servo_driver build --build-base /home/mcc/Desktop/project_clifford_ws/ProjectClifford/build/servo_driver/build install --record /home/mcc/Desktop/project_clifford_ws/ProjectClifford/build/servo_driver/install.log --single-version-externally-managed install_data
[5.864s] running egg_info
[5.868s] creating ../build/servo_driver/servo_driver.egg-info
[5.869s] writing ../build/servo_driver/servo_driver.egg-info/PKG-INFO
[5.871s] writing dependency_links to ../build/servo_driver/servo_driver.egg-info/dependency_links.txt
[5.872s] writing entry points to ../build/servo_driver/servo_driver.egg-info/entry_points.txt
[5.874s] writing requirements to ../build/servo_driver/servo_driver.egg-info/requires.txt
[5.876s] writing top-level names to ../build/servo_driver/servo_driver.egg-info/top_level.txt
[5.876s] writing manifest file '../build/servo_driver/servo_driver.egg-info/SOURCES.txt'
[5.887s] reading manifest file '../build/servo_driver/servo_driver.egg-info/SOURCES.txt'
[5.888s] adding license file 'LICENSE'
[5.892s] writing manifest file '../build/servo_driver/servo_driver.egg-info/SOURCES.txt'
[5.893s] running build
[5.893s] running build_py
[5.896s] creating /home/mcc/Desktop/project_clifford_ws/ProjectClifford/build/servo_driver/build
[5.897s] creating /home/mcc/Desktop/project_clifford_ws/ProjectClifford/build/servo_driver/build/lib
[5.898s] creating /home/mcc/Desktop/project_clifford_ws/ProjectClifford/build/servo_driver/build/lib/pca9685_nodes
[5.898s] copying pca9685_nodes/pca9685_test.py -> /home/mcc/Desktop/project_clifford_ws/ProjectClifford/build/servo_driver/build/lib/pca9685_nodes
[5.899s] copying pca9685_nodes/helloworld.py -> /home/mcc/Desktop/project_clifford_ws/ProjectClifford/build/servo_driver/build/lib/pca9685_nodes
[5.903s] copying pca9685_nodes/servo_pca9685.py -> /home/mcc/Desktop/project_clifford_ws/ProjectClifford/build/servo_driver/build/lib/pca9685_nodes
[5.904s] copying pca9685_nodes/__init__.py -> /home/mcc/Desktop/project_clifford_ws/ProjectClifford/build/servo_driver/build/lib/pca9685_nodes
[5.908s] running install
[5.909s] running install_lib
[5.918s] creating /home/mcc/Desktop/project_clifford_ws/ProjectClifford/install/servo_driver/lib/python3.10/site-packages/pca9685_nodes
[5.920s] copying /home/mcc/Desktop/project_clifford_ws/ProjectClifford/build/servo_driver/build/lib/pca9685_nodes/pca9685_test.py -> /home/mcc/Desktop/project_clifford_ws/ProjectClifford/install/servo_driver/lib/python3.10/site-packages/pca9685_nodes
[5.922s] copying /home/mcc/Desktop/project_clifford_ws/ProjectClifford/build/servo_driver/build/lib/pca9685_nodes/helloworld.py -> /home/mcc/Desktop/project_clifford_ws/ProjectClifford/install/servo_driver/lib/python3.10/site-packages/pca9685_nodes
[5.926s] copying /home/mcc/Desktop/project_clifford_ws/ProjectClifford/build/servo_driver/build/lib/pca9685_nodes/servo_pca9685.py -> /home/mcc/Desktop/project_clifford_ws/ProjectClifford/install/servo_driver/lib/python3.10/site-packages/pca9685_nodes
[5.928s] copying /home/mcc/Desktop/project_clifford_ws/ProjectClifford/build/servo_driver/build/lib/pca9685_nodes/__init__.py -> /home/mcc/Desktop/project_clifford_ws/ProjectClifford/install/servo_driver/lib/python3.10/site-packages/pca9685_nodes
[5.931s] byte-compiling /home/mcc/Desktop/project_clifford_ws/ProjectClifford/install/servo_driver/lib/python3.10/site-packages/pca9685_nodes/pca9685_test.py to pca9685_test.cpython-310.pyc
[5.934s] byte-compiling /home/mcc/Desktop/project_clifford_ws/ProjectClifford/install/servo_driver/lib/python3.10/site-packages/pca9685_nodes/helloworld.py to helloworld.cpython-310.pyc
[5.936s] byte-compiling /home/mcc/Desktop/project_clifford_ws/ProjectClifford/install/servo_driver/lib/python3.10/site-packages/pca9685_nodes/servo_pca9685.py to servo_pca9685.cpython-310.pyc
[5.941s] byte-compiling /home/mcc/Desktop/project_clifford_ws/ProjectClifford/install/servo_driver/lib/python3.10/site-packages/pca9685_nodes/__init__.py to __init__.cpython-310.pyc
[5.943s] running install_data
[5.945s] creating /home/mcc/Desktop/project_clifford_ws/ProjectClifford/install/servo_driver/share/ament_index
[5.946s] creating /home/mcc/Desktop/project_clifford_ws/ProjectClifford/install/servo_driver/share/ament_index/resource_index
[5.947s] creating /home/mcc/Desktop/project_clifford_ws/ProjectClifford/install/servo_driver/share/ament_index/resource_index/packages
[5.948s] copying resource/servo_driver -> /home/mcc/Desktop/project_clifford_ws/ProjectClifford/install/servo_driver/share/ament_index/resource_index/packages
[5.949s] copying package.xml -> /home/mcc/Desktop/project_clifford_ws/ProjectClifford/install/servo_driver/share/servo_driver
[5.950s] creating /home/mcc/Desktop/project_clifford_ws/ProjectClifford/install/servo_driver/share/servo_driver/launch
[5.955s] copying launch/joy_servos.launch.py -> /home/mcc/Desktop/project_clifford_ws/ProjectClifford/install/servo_driver/share/servo_driver/launch
[5.956s] creating /home/mcc/Desktop/project_clifford_ws/ProjectClifford/install/servo_driver/share/servo_driver/config
[5.956s] running install_egg_info
[5.964s] Copying ../build/servo_driver/servo_driver.egg-info to /home/mcc/Desktop/project_clifford_ws/ProjectClifford/install/servo_driver/lib/python3.10/site-packages/servo_driver-0.0.0-py3.10.egg-info
[5.980s] running install_scripts
[6.137s] Installing helloworld script to /home/mcc/Desktop/project_clifford_ws/ProjectClifford/install/servo_driver/lib/servo_driver
[6.139s] Installing servo_pca9685 script to /home/mcc/Desktop/project_clifford_ws/ProjectClifford/install/servo_driver/lib/servo_driver
[6.146s] writing list of installed files to '/home/mcc/Desktop/project_clifford_ws/ProjectClifford/build/servo_driver/install.log'
[6.387s] Invoked command in '/home/mcc/Desktop/project_clifford_ws/ProjectClifford/servo_driver' returned '0': PYTHONPATH=/home/mcc/Desktop/project_clifford_ws/ProjectClifford/build/servo_driver/prefix_override:/usr/lib/python3/dist-packages/colcon_core/task/python/colcon_distutils_commands:/home/mcc/Desktop/project_clifford_ws/ProjectClifford/install/servo_driver/lib/python3.10/site-packages:${PYTHONPATH} /usr/bin/python3 -W ignore:setup.py install is deprecated setup.py egg_info --egg-base ../build/servo_driver build --build-base /home/mcc/Desktop/project_clifford_ws/ProjectClifford/build/servo_driver/build install --record /home/mcc/Desktop/project_clifford_ws/ProjectClifford/build/servo_driver/install.log --single-version-externally-managed install_data
