/home/mcc/Desktop/project_clifford_ws/ProjectClifford/install/servo_driver/lib/python3.10/site-packages/pca9685_nodes/pca9685_test.py
/home/mcc/Desktop/project_clifford_ws/ProjectClifford/install/servo_driver/lib/python3.10/site-packages/pca9685_nodes/helloworld.py
/home/mcc/Desktop/project_clifford_ws/ProjectClifford/install/servo_driver/lib/python3.10/site-packages/pca9685_nodes/servo_pca9685.py
/home/mcc/Desktop/project_clifford_ws/ProjectClifford/install/servo_driver/lib/python3.10/site-packages/pca9685_nodes/__init__.py
/home/mcc/Desktop/project_clifford_ws/ProjectClifford/install/servo_driver/lib/python3.10/site-packages/pca9685_nodes/__pycache__/pca9685_test.cpython-310.pyc
/home/mcc/Desktop/project_clifford_ws/ProjectClifford/install/servo_driver/lib/python3.10/site-packages/pca9685_nodes/__pycache__/helloworld.cpython-310.pyc
/home/mcc/Desktop/project_clifford_ws/ProjectClifford/install/servo_driver/lib/python3.10/site-packages/pca9685_nodes/__pycache__/servo_pca9685.cpython-310.pyc
/home/mcc/Desktop/project_clifford_ws/ProjectClifford/install/servo_driver/lib/python3.10/site-packages/pca9685_nodes/__pycache__/__init__.cpython-310.pyc
/home/mcc/Desktop/project_clifford_ws/ProjectClifford/install/servo_driver/share/ament_index/resource_index/packages/servo_driver
/home/mcc/Desktop/project_clifford_ws/ProjectClifford/install/servo_driver/share/servo_driver/package.xml
/home/mcc/Desktop/project_clifford_ws/ProjectClifford/install/servo_driver/share/servo_driver/launch/joy_servos.launch.py
/home/mcc/Desktop/project_clifford_ws/ProjectClifford/install/servo_driver/share/servo_driver/config
/home/mcc/Desktop/project_clifford_ws/ProjectClifford/install/servo_driver/lib/python3.10/site-packages/servo_driver-0.0.0-py3.10.egg-info/dependency_links.txt
/home/mcc/Desktop/project_clifford_ws/ProjectClifford/install/servo_driver/lib/python3.10/site-packages/servo_driver-0.0.0-py3.10.egg-info/top_level.txt
/home/mcc/Desktop/project_clifford_ws/ProjectClifford/install/servo_driver/lib/python3.10/site-packages/servo_driver-0.0.0-py3.10.egg-info/requires.txt
/home/mcc/Desktop/project_clifford_ws/ProjectClifford/install/servo_driver/lib/python3.10/site-packages/servo_driver-0.0.0-py3.10.egg-info/entry_points.txt
/home/mcc/Desktop/project_clifford_ws/ProjectClifford/install/servo_driver/lib/python3.10/site-packages/servo_driver-0.0.0-py3.10.egg-info/SOURCES.txt
/home/mcc/Desktop/project_clifford_ws/ProjectClifford/install/servo_driver/lib/python3.10/site-packages/servo_driver-0.0.0-py3.10.egg-info/zip-safe
/home/mcc/Desktop/project_clifford_ws/ProjectClifford/install/servo_driver/lib/python3.10/site-packages/servo_driver-0.0.0-py3.10.egg-info/PKG-INFO
/home/mcc/Desktop/project_clifford_ws/ProjectClifford/install/servo_driver/lib/servo_driver/helloworld
/home/mcc/Desktop/project_clifford_ws/ProjectClifford/install/servo_driver/lib/servo_driver/servo_pca9685
