[0.505s] DEBUG:colcon:Command line arguments: ['/usr/bin/colcon', 'build', '--packages-select', 'ultrasonic']
[0.505s] DEBUG:colcon:Parsed command line arguments: Namespace(log_base=None, log_level=None, verb_name='build', build_base='build', install_base='install', merge_install=False, symlink_install=False, test_result_base=None, continue_on_error=False, executor='parallel', parallel_workers=4, event_handlers=None, ignore_user_meta=False, metas=['./colcon.meta'], base_paths=['.'], packages_ignore=None, packages_ignore_regex=None, paths=None, packages_up_to=None, packages_up_to_regex=None, packages_above=None, packages_above_and_dependencies=None, packages_above_depth=None, packages_select_by_dep=None, packages_skip_by_dep=None, packages_skip_up_to=None, packages_select_build_failed=False, packages_skip_build_finished=False, packages_select_test_failures=False, packages_skip_test_passed=False, packages_select=['ultrasonic'], packages_skip=None, packages_select_regex=None, packages_skip_regex=None, packages_start=None, packages_end=None, allow_overriding=[], cmake_args=None, cmake_target=None, cmake_target_skip_unavailable=False, cmake_clean_cache=False, cmake_clean_first=False, cmake_force_configure=False, ament_cmake_args=None, catkin_cmake_args=None, catkin_skip_building_tests=False, verb_parser=<colcon_defaults.argument_parser.defaults.DefaultArgumentsDecorator object at 0xffff89e886a0>, verb_extension=<colcon_core.verb.build.BuildVerb object at 0xffff89fc52a0>, main=<bound method BuildVerb.main of <colcon_core.verb.build.BuildVerb object at 0xffff89fc52a0>>)
[1.878s] Level 1:colcon.colcon_core.package_discovery:discover_packages(colcon_meta) check parameters
[1.878s] Level 1:colcon.colcon_core.package_discovery:discover_packages(recursive) check parameters
[1.879s] Level 1:colcon.colcon_core.package_discovery:discover_packages(ignore) check parameters
[1.879s] Level 1:colcon.colcon_core.package_discovery:discover_packages(path) check parameters
[1.879s] Level 1:colcon.colcon_core.package_discovery:discover_packages(colcon_meta) discover
[1.879s] Level 1:colcon.colcon_core.package_discovery:discover_packages(recursive) discover
[1.879s] INFO:colcon.colcon_core.package_discovery:Crawling recursively for packages in '/home/mcc/Desktop/project_clifford_ws/ProjectClifford'
[1.880s] Level 1:colcon.colcon_core.package_identification:_identify(.) by extensions ['ignore', 'ignore_ament_install']
[1.880s] Level 1:colcon.colcon_core.package_identification:_identify(.) by extension 'ignore'
[1.881s] Level 1:colcon.colcon_core.package_identification:_identify(.) by extension 'ignore_ament_install'
[1.881s] Level 1:colcon.colcon_core.package_identification:_identify(.) by extensions ['colcon_pkg']
[1.881s] Level 1:colcon.colcon_core.package_identification:_identify(.) by extension 'colcon_pkg'
[1.881s] Level 1:colcon.colcon_core.package_identification:_identify(.) by extensions ['colcon_meta']
[1.881s] Level 1:colcon.colcon_core.package_identification:_identify(.) by extension 'colcon_meta'
[1.881s] Level 1:colcon.colcon_core.package_identification:_identify(.) by extensions ['ros']
[1.882s] Level 1:colcon.colcon_core.package_identification:_identify(.) by extension 'ros'
[1.959s] Level 1:colcon.colcon_core.package_identification:_identify(.) by extensions ['cmake', 'python']
[1.959s] Level 1:colcon.colcon_core.package_identification:_identify(.) by extension 'cmake'
[1.959s] Level 1:colcon.colcon_core.package_identification:_identify(.) by extension 'python'
[1.959s] Level 1:colcon.colcon_core.package_identification:_identify(.) by extensions ['python_setup_py']
[1.960s] Level 1:colcon.colcon_core.package_identification:_identify(.) by extension 'python_setup_py'
[1.960s] Level 1:colcon.colcon_core.package_identification:_identify(build) by extensions ['ignore', 'ignore_ament_install']
[1.960s] Level 1:colcon.colcon_core.package_identification:_identify(build) by extension 'ignore'
[1.961s] Level 1:colcon.colcon_core.package_identification:_identify(build) ignored
[1.961s] Level 1:colcon.colcon_core.package_identification:_identify(clifford-ik) by extensions ['ignore', 'ignore_ament_install']
[1.962s] Level 1:colcon.colcon_core.package_identification:_identify(clifford-ik) by extension 'ignore'
[1.962s] Level 1:colcon.colcon_core.package_identification:_identify(clifford-ik) by extension 'ignore_ament_install'
[1.962s] Level 1:colcon.colcon_core.package_identification:_identify(clifford-ik) by extensions ['colcon_pkg']
[1.962s] Level 1:colcon.colcon_core.package_identification:_identify(clifford-ik) by extension 'colcon_pkg'
[1.962s] Level 1:colcon.colcon_core.package_identification:_identify(clifford-ik) by extensions ['colcon_meta']
[1.962s] Level 1:colcon.colcon_core.package_identification:_identify(clifford-ik) by extension 'colcon_meta'
[1.963s] Level 1:colcon.colcon_core.package_identification:_identify(clifford-ik) by extensions ['ros']
[1.963s] Level 1:colcon.colcon_core.package_identification:_identify(clifford-ik) by extension 'ros'
[1.975s] DEBUG:colcon.colcon_core.package_identification:Package 'clifford-ik' with type 'ros.ament_python' and name 'clifford-ik'
[1.976s] Level 1:colcon.colcon_core.package_identification:_identify(clifford_lcd) by extensions ['ignore', 'ignore_ament_install']
[1.976s] Level 1:colcon.colcon_core.package_identification:_identify(clifford_lcd) by extension 'ignore'
[1.977s] Level 1:colcon.colcon_core.package_identification:_identify(clifford_lcd) by extension 'ignore_ament_install'
[1.977s] Level 1:colcon.colcon_core.package_identification:_identify(clifford_lcd) by extensions ['colcon_pkg']
[1.977s] Level 1:colcon.colcon_core.package_identification:_identify(clifford_lcd) by extension 'colcon_pkg'
[1.977s] Level 1:colcon.colcon_core.package_identification:_identify(clifford_lcd) by extensions ['colcon_meta']
[1.977s] Level 1:colcon.colcon_core.package_identification:_identify(clifford_lcd) by extension 'colcon_meta'
[1.978s] Level 1:colcon.colcon_core.package_identification:_identify(clifford_lcd) by extensions ['ros']
[1.978s] Level 1:colcon.colcon_core.package_identification:_identify(clifford_lcd) by extension 'ros'
[1.981s] DEBUG:colcon.colcon_core.package_identification:Package 'clifford_lcd' with type 'ros.ament_python' and name 'clifford_lcd'
[1.982s] Level 1:colcon.colcon_core.package_identification:_identify(clifford_sim_1) by extensions ['ignore', 'ignore_ament_install']
[1.982s] Level 1:colcon.colcon_core.package_identification:_identify(clifford_sim_1) by extension 'ignore'
[1.982s] Level 1:colcon.colcon_core.package_identification:_identify(clifford_sim_1) by extension 'ignore_ament_install'
[1.983s] Level 1:colcon.colcon_core.package_identification:_identify(clifford_sim_1) by extensions ['colcon_pkg']
[1.983s] Level 1:colcon.colcon_core.package_identification:_identify(clifford_sim_1) by extension 'colcon_pkg'
[1.983s] Level 1:colcon.colcon_core.package_identification:_identify(clifford_sim_1) by extensions ['colcon_meta']
[1.983s] Level 1:colcon.colcon_core.package_identification:_identify(clifford_sim_1) by extension 'colcon_meta'
[1.983s] Level 1:colcon.colcon_core.package_identification:_identify(clifford_sim_1) by extensions ['ros']
[1.983s] Level 1:colcon.colcon_core.package_identification:_identify(clifford_sim_1) by extension 'ros'
[1.986s] DEBUG:colcon.colcon_core.package_identification:Package 'clifford_sim_1' with type 'ros.ament_cmake' and name 'clifford_sim_1'
[1.987s] Level 1:colcon.colcon_core.package_identification:_identify(install) by extensions ['ignore', 'ignore_ament_install']
[1.988s] Level 1:colcon.colcon_core.package_identification:_identify(install) by extension 'ignore'
[1.988s] Level 1:colcon.colcon_core.package_identification:_identify(install) ignored
[1.988s] Level 1:colcon.colcon_core.package_identification:_identify(jointstatepub) by extensions ['ignore', 'ignore_ament_install']
[1.989s] Level 1:colcon.colcon_core.package_identification:_identify(jointstatepub) by extension 'ignore'
[1.989s] Level 1:colcon.colcon_core.package_identification:_identify(jointstatepub) by extension 'ignore_ament_install'
[1.989s] Level 1:colcon.colcon_core.package_identification:_identify(jointstatepub) by extensions ['colcon_pkg']
[1.989s] Level 1:colcon.colcon_core.package_identification:_identify(jointstatepub) by extension 'colcon_pkg'
[1.990s] Level 1:colcon.colcon_core.package_identification:_identify(jointstatepub) by extensions ['colcon_meta']
[1.990s] Level 1:colcon.colcon_core.package_identification:_identify(jointstatepub) by extension 'colcon_meta'
[1.990s] Level 1:colcon.colcon_core.package_identification:_identify(jointstatepub) by extensions ['ros']
[1.990s] Level 1:colcon.colcon_core.package_identification:_identify(jointstatepub) by extension 'ros'
[1.993s] DEBUG:colcon.colcon_core.package_identification:Package 'jointstatepub' with type 'ros.ament_python' and name 'jointstatepub'
[1.994s] Level 1:colcon.colcon_core.package_identification:_identify(left_leg_demo) by extensions ['ignore', 'ignore_ament_install']
[1.994s] Level 1:colcon.colcon_core.package_identification:_identify(left_leg_demo) by extension 'ignore'
[1.995s] Level 1:colcon.colcon_core.package_identification:_identify(left_leg_demo) by extension 'ignore_ament_install'
[1.995s] Level 1:colcon.colcon_core.package_identification:_identify(left_leg_demo) by extensions ['colcon_pkg']
[1.995s] Level 1:colcon.colcon_core.package_identification:_identify(left_leg_demo) by extension 'colcon_pkg'
[1.995s] Level 1:colcon.colcon_core.package_identification:_identify(left_leg_demo) by extensions ['colcon_meta']
[1.995s] Level 1:colcon.colcon_core.package_identification:_identify(left_leg_demo) by extension 'colcon_meta'
[1.995s] Level 1:colcon.colcon_core.package_identification:_identify(left_leg_demo) by extensions ['ros']
[1.996s] Level 1:colcon.colcon_core.package_identification:_identify(left_leg_demo) by extension 'ros'
[1.998s] DEBUG:colcon.colcon_core.package_identification:Package 'left_leg_demo' with type 'ros.ament_cmake' and name 'left_leg_demo'
[1.999s] Level 1:colcon.colcon_core.package_identification:_identify(left_leg_demo_new) by extensions ['ignore', 'ignore_ament_install']
[2.000s] Level 1:colcon.colcon_core.package_identification:_identify(left_leg_demo_new) by extension 'ignore'
[2.000s] Level 1:colcon.colcon_core.package_identification:_identify(left_leg_demo_new) by extension 'ignore_ament_install'
[2.000s] Level 1:colcon.colcon_core.package_identification:_identify(left_leg_demo_new) by extensions ['colcon_pkg']
[2.000s] Level 1:colcon.colcon_core.package_identification:_identify(left_leg_demo_new) by extension 'colcon_pkg'
[2.000s] Level 1:colcon.colcon_core.package_identification:_identify(left_leg_demo_new) by extensions ['colcon_meta']
[2.000s] Level 1:colcon.colcon_core.package_identification:_identify(left_leg_demo_new) by extension 'colcon_meta'
[2.001s] Level 1:colcon.colcon_core.package_identification:_identify(left_leg_demo_new) by extensions ['ros']
[2.001s] Level 1:colcon.colcon_core.package_identification:_identify(left_leg_demo_new) by extension 'ros'
[2.004s] DEBUG:colcon.colcon_core.package_identification:Package 'left_leg_demo_new' with type 'ros.ament_cmake' and name 'left_leg_demo_new'
[2.004s] Level 1:colcon.colcon_core.package_identification:_identify(log) by extensions ['ignore', 'ignore_ament_install']
[2.005s] Level 1:colcon.colcon_core.package_identification:_identify(log) by extension 'ignore'
[2.005s] Level 1:colcon.colcon_core.package_identification:_identify(log) ignored
[2.005s] Level 1:colcon.colcon_core.package_identification:_identify(servo_driver) by extensions ['ignore', 'ignore_ament_install']
[2.006s] Level 1:colcon.colcon_core.package_identification:_identify(servo_driver) by extension 'ignore'
[2.006s] Level 1:colcon.colcon_core.package_identification:_identify(servo_driver) by extension 'ignore_ament_install'
[2.006s] Level 1:colcon.colcon_core.package_identification:_identify(servo_driver) by extensions ['colcon_pkg']
[2.006s] Level 1:colcon.colcon_core.package_identification:_identify(servo_driver) by extension 'colcon_pkg'
[2.007s] Level 1:colcon.colcon_core.package_identification:_identify(servo_driver) by extensions ['colcon_meta']
[2.007s] Level 1:colcon.colcon_core.package_identification:_identify(servo_driver) by extension 'colcon_meta'
[2.007s] Level 1:colcon.colcon_core.package_identification:_identify(servo_driver) by extensions ['ros']
[2.007s] Level 1:colcon.colcon_core.package_identification:_identify(servo_driver) by extension 'ros'
[2.010s] DEBUG:colcon.colcon_core.package_identification:Package 'servo_driver' with type 'ros.ament_python' and name 'servo_driver'
[2.011s] Level 1:colcon.colcon_core.package_identification:_identify(teleop_controller) by extensions ['ignore', 'ignore_ament_install']
[2.011s] Level 1:colcon.colcon_core.package_identification:_identify(teleop_controller) by extension 'ignore'
[2.012s] Level 1:colcon.colcon_core.package_identification:_identify(teleop_controller) by extension 'ignore_ament_install'
[2.013s] Level 1:colcon.colcon_core.package_identification:_identify(teleop_controller) by extensions ['colcon_pkg']
[2.013s] Level 1:colcon.colcon_core.package_identification:_identify(teleop_controller) by extension 'colcon_pkg'
[2.013s] Level 1:colcon.colcon_core.package_identification:_identify(teleop_controller) by extensions ['colcon_meta']
[2.013s] Level 1:colcon.colcon_core.package_identification:_identify(teleop_controller) by extension 'colcon_meta'
[2.014s] Level 1:colcon.colcon_core.package_identification:_identify(teleop_controller) by extensions ['ros']
[2.014s] Level 1:colcon.colcon_core.package_identification:_identify(teleop_controller) by extension 'ros'
[2.017s] DEBUG:colcon.colcon_core.package_identification:Package 'teleop_controller' with type 'ros.ament_python' and name 'teleop_controller'
[2.017s] Level 1:colcon.colcon_core.package_identification:_identify(ultrasonic) by extensions ['ignore', 'ignore_ament_install']
[2.018s] Level 1:colcon.colcon_core.package_identification:_identify(ultrasonic) by extension 'ignore'
[2.018s] Level 1:colcon.colcon_core.package_identification:_identify(ultrasonic) by extension 'ignore_ament_install'
[2.018s] Level 1:colcon.colcon_core.package_identification:_identify(ultrasonic) by extensions ['colcon_pkg']
[2.018s] Level 1:colcon.colcon_core.package_identification:_identify(ultrasonic) by extension 'colcon_pkg'
[2.019s] Level 1:colcon.colcon_core.package_identification:_identify(ultrasonic) by extensions ['colcon_meta']
[2.019s] Level 1:colcon.colcon_core.package_identification:_identify(ultrasonic) by extension 'colcon_meta'
[2.019s] Level 1:colcon.colcon_core.package_identification:_identify(ultrasonic) by extensions ['ros']
[2.019s] Level 1:colcon.colcon_core.package_identification:_identify(ultrasonic) by extension 'ros'
[2.022s] DEBUG:colcon.colcon_core.package_identification:Package 'ultrasonic' with type 'ros.ament_python' and name 'ultrasonic'
[2.022s] Level 1:colcon.colcon_core.package_discovery:discover_packages(recursive) using defaults
[2.022s] Level 1:colcon.colcon_core.package_discovery:discover_packages(ignore) discover
[2.023s] Level 1:colcon.colcon_core.package_discovery:discover_packages(ignore) using defaults
[2.023s] Level 1:colcon.colcon_core.package_discovery:discover_packages(path) discover
[2.023s] Level 1:colcon.colcon_core.package_discovery:discover_packages(path) using defaults
[2.142s] INFO:colcon.colcon_core.package_selection:Skipping not selected package 'clifford-ik' in 'clifford-ik'
[2.143s] INFO:colcon.colcon_core.package_selection:Skipping not selected package 'clifford_lcd' in 'clifford_lcd'
[2.143s] INFO:colcon.colcon_core.package_selection:Skipping not selected package 'clifford_sim_1' in 'clifford_sim_1'
[2.143s] INFO:colcon.colcon_core.package_selection:Skipping not selected package 'jointstatepub' in 'jointstatepub'
[2.143s] INFO:colcon.colcon_core.package_selection:Skipping not selected package 'left_leg_demo' in 'left_leg_demo'
[2.143s] INFO:colcon.colcon_core.package_selection:Skipping not selected package 'left_leg_demo_new' in 'left_leg_demo_new'
[2.144s] INFO:colcon.colcon_core.package_selection:Skipping not selected package 'servo_driver' in 'servo_driver'
[2.144s] INFO:colcon.colcon_core.package_selection:Skipping not selected package 'teleop_controller' in 'teleop_controller'
[2.147s] Level 1:colcon.colcon_core.package_discovery:discover_packages(prefix_path) check parameters
[2.147s] Level 1:colcon.colcon_core.package_discovery:discover_packages(prefix_path) discover
[2.163s] DEBUG:colcon.colcon_installed_package_information.package_discovery:Found 9 installed packages in /home/mcc/Desktop/project_clifford_ws/install
[2.172s] DEBUG:colcon.colcon_installed_package_information.package_discovery:Found 277 installed packages in /opt/ros/humble
[2.179s] Level 1:colcon.colcon_core.package_discovery:discover_packages(prefix_path) using defaults
[2.405s] Level 5:colcon.colcon_core.verb:set package 'ultrasonic' build argument 'cmake_args' from command line to 'None'
[2.405s] Level 5:colcon.colcon_core.verb:set package 'ultrasonic' build argument 'cmake_target' from command line to 'None'
[2.405s] Level 5:colcon.colcon_core.verb:set package 'ultrasonic' build argument 'cmake_target_skip_unavailable' from command line to 'False'
[2.405s] Level 5:colcon.colcon_core.verb:set package 'ultrasonic' build argument 'cmake_clean_cache' from command line to 'False'
[2.406s] Level 5:colcon.colcon_core.verb:set package 'ultrasonic' build argument 'cmake_clean_first' from command line to 'False'
[2.406s] Level 5:colcon.colcon_core.verb:set package 'ultrasonic' build argument 'cmake_force_configure' from command line to 'False'
[2.406s] Level 5:colcon.colcon_core.verb:set package 'ultrasonic' build argument 'ament_cmake_args' from command line to 'None'
[2.406s] Level 5:colcon.colcon_core.verb:set package 'ultrasonic' build argument 'catkin_cmake_args' from command line to 'None'
[2.406s] Level 5:colcon.colcon_core.verb:set package 'ultrasonic' build argument 'catkin_skip_building_tests' from command line to 'False'
[2.406s] DEBUG:colcon.colcon_core.verb:Building package 'ultrasonic' with the following arguments: {'ament_cmake_args': None, 'build_base': '/home/mcc/Desktop/project_clifford_ws/ProjectClifford/build/ultrasonic', 'catkin_cmake_args': None, 'catkin_skip_building_tests': False, 'cmake_args': None, 'cmake_clean_cache': False, 'cmake_clean_first': False, 'cmake_force_configure': False, 'cmake_target': None, 'cmake_target_skip_unavailable': False, 'install_base': '/home/mcc/Desktop/project_clifford_ws/ProjectClifford/install/ultrasonic', 'merge_install': False, 'path': '/home/mcc/Desktop/project_clifford_ws/ProjectClifford/ultrasonic', 'symlink_install': False, 'test_result_base': None}
[2.407s] INFO:colcon.colcon_core.executor:Executing jobs using 'parallel' executor
[2.410s] DEBUG:colcon.colcon_parallel_executor.executor.parallel:run_until_complete
[2.411s] INFO:colcon.colcon_ros.task.ament_python.build:Building ROS package in '/home/mcc/Desktop/project_clifford_ws/ProjectClifford/ultrasonic' with build type 'ament_python'
[2.413s] Level 1:colcon.colcon_core.shell:create_environment_hook('ultrasonic', 'ament_prefix_path')
[2.430s] INFO:colcon.colcon_core.plugin_system:Skipping extension 'colcon_core.shell.bat': Not used on non-Windows systems
[2.431s] INFO:colcon.colcon_core.shell:Creating environment hook '/home/mcc/Desktop/project_clifford_ws/ProjectClifford/install/ultrasonic/share/ultrasonic/hook/ament_prefix_path.ps1'
[2.435s] INFO:colcon.colcon_core.shell:Creating environment descriptor '/home/mcc/Desktop/project_clifford_ws/ProjectClifford/install/ultrasonic/share/ultrasonic/hook/ament_prefix_path.dsv'
[2.440s] INFO:colcon.colcon_core.shell:Creating environment hook '/home/mcc/Desktop/project_clifford_ws/ProjectClifford/install/ultrasonic/share/ultrasonic/hook/ament_prefix_path.sh'
[2.447s] INFO:colcon.colcon_core.shell:Skip shell extension 'powershell' for command environment: Not usable outside of PowerShell
[2.447s] DEBUG:colcon.colcon_core.shell:Skip shell extension 'dsv' for command environment
[4.047s] INFO:colcon.colcon_core.task.python.build:Building Python package in '/home/mcc/Desktop/project_clifford_ws/ProjectClifford/ultrasonic'
[4.048s] INFO:colcon.colcon_core.shell:Skip shell extension 'powershell' for command environment: Not usable outside of PowerShell
[4.048s] DEBUG:colcon.colcon_core.shell:Skip shell extension 'dsv' for command environment
[8.145s] DEBUG:colcon.colcon_core.event_handler.log_command:Invoking command in '/home/mcc/Desktop/project_clifford_ws/ProjectClifford/ultrasonic': PYTHONPATH=/home/mcc/Desktop/project_clifford_ws/ProjectClifford/build/ultrasonic/prefix_override:/usr/lib/python3/dist-packages/colcon_core/task/python/colcon_distutils_commands:/home/mcc/Desktop/project_clifford_ws/ProjectClifford/install/ultrasonic/lib/python3.10/site-packages:${PYTHONPATH} /usr/bin/python3 -W ignore:setup.py install is deprecated setup.py egg_info --egg-base ../build/ultrasonic build --build-base /home/mcc/Desktop/project_clifford_ws/ProjectClifford/build/ultrasonic/build install --record /home/mcc/Desktop/project_clifford_ws/ProjectClifford/build/ultrasonic/install.log --single-version-externally-managed install_data
[13.360s] DEBUG:colcon.colcon_core.event_handler.log_command:Invoked command in '/home/mcc/Desktop/project_clifford_ws/ProjectClifford/ultrasonic' returned '0': PYTHONPATH=/home/mcc/Desktop/project_clifford_ws/ProjectClifford/build/ultrasonic/prefix_override:/usr/lib/python3/dist-packages/colcon_core/task/python/colcon_distutils_commands:/home/mcc/Desktop/project_clifford_ws/ProjectClifford/install/ultrasonic/lib/python3.10/site-packages:${PYTHONPATH} /usr/bin/python3 -W ignore:setup.py install is deprecated setup.py egg_info --egg-base ../build/ultrasonic build --build-base /home/mcc/Desktop/project_clifford_ws/ProjectClifford/build/ultrasonic/build install --record /home/mcc/Desktop/project_clifford_ws/ProjectClifford/build/ultrasonic/install.log --single-version-externally-managed install_data
[13.397s] Level 1:colcon.colcon_core.environment:checking '/home/mcc/Desktop/project_clifford_ws/ProjectClifford/install/ultrasonic' for CMake module files
[13.400s] Level 1:colcon.colcon_core.environment:checking '/home/mcc/Desktop/project_clifford_ws/ProjectClifford/install/ultrasonic' for CMake config files
[13.412s] Level 1:colcon.colcon_core.environment:checking '/home/mcc/Desktop/project_clifford_ws/ProjectClifford/install/ultrasonic/lib'
[13.414s] Level 1:colcon.colcon_core.environment:checking '/home/mcc/Desktop/project_clifford_ws/ProjectClifford/install/ultrasonic/bin'
[13.415s] Level 1:colcon.colcon_core.environment:checking '/home/mcc/Desktop/project_clifford_ws/ProjectClifford/install/ultrasonic/lib/pkgconfig/ultrasonic.pc'
[13.418s] Level 1:colcon.colcon_core.environment:checking '/home/mcc/Desktop/project_clifford_ws/ProjectClifford/install/ultrasonic/lib/python3.10/site-packages'
[13.419s] Level 1:colcon.colcon_core.shell:create_environment_hook('ultrasonic', 'pythonpath')
[13.423s] INFO:colcon.colcon_core.shell:Creating environment hook '/home/mcc/Desktop/project_clifford_ws/ProjectClifford/install/ultrasonic/share/ultrasonic/hook/pythonpath.ps1'
[13.428s] INFO:colcon.colcon_core.shell:Creating environment descriptor '/home/mcc/Desktop/project_clifford_ws/ProjectClifford/install/ultrasonic/share/ultrasonic/hook/pythonpath.dsv'
[13.433s] INFO:colcon.colcon_core.shell:Creating environment hook '/home/mcc/Desktop/project_clifford_ws/ProjectClifford/install/ultrasonic/share/ultrasonic/hook/pythonpath.sh'
[13.440s] Level 1:colcon.colcon_core.environment:checking '/home/mcc/Desktop/project_clifford_ws/ProjectClifford/install/ultrasonic/bin'
[13.443s] Level 1:colcon.colcon_core.environment:create_environment_scripts_only(ultrasonic)
[13.446s] INFO:colcon.colcon_core.shell:Creating package script '/home/mcc/Desktop/project_clifford_ws/ProjectClifford/install/ultrasonic/share/ultrasonic/package.ps1'
[13.458s] INFO:colcon.colcon_core.shell:Creating package descriptor '/home/mcc/Desktop/project_clifford_ws/ProjectClifford/install/ultrasonic/share/ultrasonic/package.dsv'
[13.465s] INFO:colcon.colcon_core.shell:Creating package script '/home/mcc/Desktop/project_clifford_ws/ProjectClifford/install/ultrasonic/share/ultrasonic/package.sh'
[13.475s] INFO:colcon.colcon_core.shell:Creating package script '/home/mcc/Desktop/project_clifford_ws/ProjectClifford/install/ultrasonic/share/ultrasonic/package.bash'
[13.484s] INFO:colcon.colcon_core.shell:Creating package script '/home/mcc/Desktop/project_clifford_ws/ProjectClifford/install/ultrasonic/share/ultrasonic/package.zsh'
[13.492s] Level 1:colcon.colcon_core.environment:create_file_with_runtime_dependencies(/home/mcc/Desktop/project_clifford_ws/ProjectClifford/install/ultrasonic/share/colcon-core/packages/ultrasonic)
[13.496s] DEBUG:colcon.colcon_parallel_executor.executor.parallel:closing loop
[13.500s] DEBUG:colcon.colcon_parallel_executor.executor.parallel:loop closed
[13.502s] DEBUG:colcon.colcon_parallel_executor.executor.parallel:run_until_complete finished with '0'
[13.503s] DEBUG:colcon.colcon_core.event_reactor:joining thread
[13.571s] INFO:colcon.colcon_core.plugin_system:Skipping extension 'colcon_notification.desktop_notification.terminal_notifier': Not used on non-Darwin systems
[13.573s] INFO:colcon.colcon_core.plugin_system:Skipping extension 'colcon_notification.desktop_notification.win32': Not used on non-Windows systems
[13.574s] INFO:colcon.colcon_notification.desktop_notification:Sending desktop notification using 'notify2'
[13.735s] DEBUG:colcon.colcon_core.event_reactor:joined thread
[13.736s] INFO:colcon.colcon_core.shell:Creating prefix script '/home/mcc/Desktop/project_clifford_ws/ProjectClifford/install/local_setup.ps1'
[13.743s] INFO:colcon.colcon_core.shell:Creating prefix util module '/home/mcc/Desktop/project_clifford_ws/ProjectClifford/install/_local_setup_util_ps1.py'
[13.753s] INFO:colcon.colcon_core.shell:Creating prefix chain script '/home/mcc/Desktop/project_clifford_ws/ProjectClifford/install/setup.ps1'
[13.769s] INFO:colcon.colcon_core.shell:Creating prefix script '/home/mcc/Desktop/project_clifford_ws/ProjectClifford/install/local_setup.sh'
[13.779s] INFO:colcon.colcon_core.shell:Creating prefix util module '/home/mcc/Desktop/project_clifford_ws/ProjectClifford/install/_local_setup_util_sh.py'
[13.787s] INFO:colcon.colcon_core.shell:Creating prefix chain script '/home/mcc/Desktop/project_clifford_ws/ProjectClifford/install/setup.sh'
[13.813s] INFO:colcon.colcon_core.shell:Creating prefix script '/home/mcc/Desktop/project_clifford_ws/ProjectClifford/install/local_setup.bash'
[13.820s] INFO:colcon.colcon_core.shell:Creating prefix chain script '/home/mcc/Desktop/project_clifford_ws/ProjectClifford/install/setup.bash'
[13.831s] INFO:colcon.colcon_core.shell:Creating prefix script '/home/mcc/Desktop/project_clifford_ws/ProjectClifford/install/local_setup.zsh'
[13.835s] INFO:colcon.colcon_core.shell:Creating prefix chain script '/home/mcc/Desktop/project_clifford_ws/ProjectClifford/install/setup.zsh'
