running egg_info
creating ../build/ultrasonic/ultrasonic.egg-info
writing ../build/ultrasonic/ultrasonic.egg-info/PKG-INFO
writing dependency_links to ../build/ultrasonic/ultrasonic.egg-info/dependency_links.txt
writing entry points to ../build/ultrasonic/ultrasonic.egg-info/entry_points.txt
writing requirements to ../build/ultrasonic/ultrasonic.egg-info/requires.txt
writing top-level names to ../build/ultrasonic/ultrasonic.egg-info/top_level.txt
writing manifest file '../build/ultrasonic/ultrasonic.egg-info/SOURCES.txt'
reading manifest file '../build/ultrasonic/ultrasonic.egg-info/SOURCES.txt'
adding license file 'LICENSE'
writing manifest file '../build/ultrasonic/ultrasonic.egg-info/SOURCES.txt'
running build
running build_py
creating /home/mcc/Desktop/project_clifford_ws/ProjectClifford/build/ultrasonic/build
creating /home/mcc/Desktop/project_clifford_ws/ProjectClifford/build/ultrasonic/build/lib
creating /home/mcc/Desktop/project_clifford_ws/ProjectClifford/build/ultrasonic/build/lib/ultrasonic
copying ultrasonic/clifford_ultrasonic.py -> /home/mcc/Desktop/project_clifford_ws/ProjectClifford/build/ultrasonic/build/lib/ultrasonic
copying ultrasonic/__init__.py -> /home/mcc/Desktop/project_clifford_ws/ProjectClifford/build/ultrasonic/build/lib/ultrasonic
running install
running install_lib
creating /home/mcc/Desktop/project_clifford_ws/ProjectClifford/install/ultrasonic/lib/python3.10/site-packages/ultrasonic
copying /home/mcc/Desktop/project_clifford_ws/ProjectClifford/build/ultrasonic/build/lib/ultrasonic/clifford_ultrasonic.py -> /home/mcc/Desktop/project_clifford_ws/ProjectClifford/install/ultrasonic/lib/python3.10/site-packages/ultrasonic
copying /home/mcc/Desktop/project_clifford_ws/ProjectClifford/build/ultrasonic/build/lib/ultrasonic/__init__.py -> /home/mcc/Desktop/project_clifford_ws/ProjectClifford/install/ultrasonic/lib/python3.10/site-packages/ultrasonic
byte-compiling /home/mcc/Desktop/project_clifford_ws/ProjectClifford/install/ultrasonic/lib/python3.10/site-packages/ultrasonic/clifford_ultrasonic.py to clifford_ultrasonic.cpython-310.pyc
byte-compiling /home/mcc/Desktop/project_clifford_ws/ProjectClifford/install/ultrasonic/lib/python3.10/site-packages/ultrasonic/__init__.py to __init__.cpython-310.pyc
running install_data
creating /home/mcc/Desktop/project_clifford_ws/ProjectClifford/install/ultrasonic/share/ament_index
creating /home/mcc/Desktop/project_clifford_ws/ProjectClifford/install/ultrasonic/share/ament_index/resource_index
creating /home/mcc/Desktop/project_clifford_ws/ProjectClifford/install/ultrasonic/share/ament_index/resource_index/packages
copying resource/ultrasonic -> /home/mcc/Desktop/project_clifford_ws/ProjectClifford/install/ultrasonic/share/ament_index/resource_index/packages
copying package.xml -> /home/mcc/Desktop/project_clifford_ws/ProjectClifford/install/ultrasonic/share/ultrasonic
running install_egg_info
Copying ../build/ultrasonic/ultrasonic.egg-info to /home/mcc/Desktop/project_clifford_ws/ProjectClifford/install/ultrasonic/lib/python3.10/site-packages/ultrasonic-0.0.0-py3.10.egg-info
running install_scripts
Installing ultrasonic script to /home/mcc/Desktop/project_clifford_ws/ProjectClifford/install/ultrasonic/lib/ultrasonic
writing list of installed files to '/home/mcc/Desktop/project_clifford_ws/ProjectClifford/build/ultrasonic/install.log'
