[5.729s] Invoking command in '/home/mcc/Desktop/project_clifford_ws/ProjectClifford/ultrasonic': PYTHONPATH=/home/mcc/Desktop/project_clifford_ws/ProjectClifford/build/ultrasonic/prefix_override:/usr/lib/python3/dist-packages/colcon_core/task/python/colcon_distutils_commands:/home/mcc/Desktop/project_clifford_ws/ProjectClifford/install/ultrasonic/lib/python3.10/site-packages:${PYTHONPATH} /usr/bin/python3 -W ignore:setup.py install is deprecated setup.py egg_info --egg-base ../build/ultrasonic build --build-base /home/mcc/Desktop/project_clifford_ws/ProjectClifford/build/ultrasonic/build install --record /home/mcc/Desktop/project_clifford_ws/ProjectClifford/build/ultrasonic/install.log --single-version-externally-managed install_data
[10.008s] running egg_info
[10.014s] creating ../build/ultrasonic/ultrasonic.egg-info
[10.019s] writing ../build/ultrasonic/ultrasonic.egg-info/PKG-INFO
[10.023s] writing dependency_links to ../build/ultrasonic/ultrasonic.egg-info/dependency_links.txt
[10.029s] writing entry points to ../build/ultrasonic/ultrasonic.egg-info/entry_points.txt
[10.031s] writing requirements to ../build/ultrasonic/ultrasonic.egg-info/requires.txt
[10.033s] writing top-level names to ../build/ultrasonic/ultrasonic.egg-info/top_level.txt
[10.034s] writing manifest file '../build/ultrasonic/ultrasonic.egg-info/SOURCES.txt'
[10.054s] reading manifest file '../build/ultrasonic/ultrasonic.egg-info/SOURCES.txt'
[10.058s] adding license file 'LICENSE'
[10.071s] writing manifest file '../build/ultrasonic/ultrasonic.egg-info/SOURCES.txt'
[10.074s] running build
[10.076s] running build_py
[10.077s] creating /home/mcc/Desktop/project_clifford_ws/ProjectClifford/build/ultrasonic/build
[10.078s] creating /home/mcc/Desktop/project_clifford_ws/ProjectClifford/build/ultrasonic/build/lib
[10.080s] creating /home/mcc/Desktop/project_clifford_ws/ProjectClifford/build/ultrasonic/build/lib/ultrasonic
[10.082s] copying ultrasonic/clifford_ultrasonic.py -> /home/mcc/Desktop/project_clifford_ws/ProjectClifford/build/ultrasonic/build/lib/ultrasonic
[10.084s] copying ultrasonic/__init__.py -> /home/mcc/Desktop/project_clifford_ws/ProjectClifford/build/ultrasonic/build/lib/ultrasonic
[10.087s] running install
[10.088s] running install_lib
[10.097s] creating /home/mcc/Desktop/project_clifford_ws/ProjectClifford/install/ultrasonic/lib/python3.10/site-packages/ultrasonic
[10.100s] copying /home/mcc/Desktop/project_clifford_ws/ProjectClifford/build/ultrasonic/build/lib/ultrasonic/clifford_ultrasonic.py -> /home/mcc/Desktop/project_clifford_ws/ProjectClifford/install/ultrasonic/lib/python3.10/site-packages/ultrasonic
[10.105s] copying /home/mcc/Desktop/project_clifford_ws/ProjectClifford/build/ultrasonic/build/lib/ultrasonic/__init__.py -> /home/mcc/Desktop/project_clifford_ws/ProjectClifford/install/ultrasonic/lib/python3.10/site-packages/ultrasonic
[10.107s] byte-compiling /home/mcc/Desktop/project_clifford_ws/ProjectClifford/install/ultrasonic/lib/python3.10/site-packages/ultrasonic/clifford_ultrasonic.py to clifford_ultrasonic.cpython-310.pyc
[10.116s] byte-compiling /home/mcc/Desktop/project_clifford_ws/ProjectClifford/install/ultrasonic/lib/python3.10/site-packages/ultrasonic/__init__.py to __init__.cpython-310.pyc
[10.124s] running install_data
[10.130s] creating /home/mcc/Desktop/project_clifford_ws/ProjectClifford/install/ultrasonic/share/ament_index
[10.133s] creating /home/mcc/Desktop/project_clifford_ws/ProjectClifford/install/ultrasonic/share/ament_index/resource_index
[10.136s] creating /home/mcc/Desktop/project_clifford_ws/ProjectClifford/install/ultrasonic/share/ament_index/resource_index/packages
[10.138s] copying resource/ultrasonic -> /home/mcc/Desktop/project_clifford_ws/ProjectClifford/install/ultrasonic/share/ament_index/resource_index/packages
[10.139s] copying package.xml -> /home/mcc/Desktop/project_clifford_ws/ProjectClifford/install/ultrasonic/share/ultrasonic
[10.141s] running install_egg_info
[10.161s] Copying ../build/ultrasonic/ultrasonic.egg-info to /home/mcc/Desktop/project_clifford_ws/ProjectClifford/install/ultrasonic/lib/python3.10/site-packages/ultrasonic-0.0.0-py3.10.egg-info
[10.180s] running install_scripts
[10.500s] Installing ultrasonic script to /home/mcc/Desktop/project_clifford_ws/ProjectClifford/install/ultrasonic/lib/ultrasonic
[10.507s] writing list of installed files to '/home/mcc/Desktop/project_clifford_ws/ProjectClifford/build/ultrasonic/install.log'
[10.944s] Invoked command in '/home/mcc/Desktop/project_clifford_ws/ProjectClifford/ultrasonic' returned '0': PYTHONPATH=/home/mcc/Desktop/project_clifford_ws/ProjectClifford/build/ultrasonic/prefix_override:/usr/lib/python3/dist-packages/colcon_core/task/python/colcon_distutils_commands:/home/mcc/Desktop/project_clifford_ws/ProjectClifford/install/ultrasonic/lib/python3.10/site-packages:${PYTHONPATH} /usr/bin/python3 -W ignore:setup.py install is deprecated setup.py egg_info --egg-base ../build/ultrasonic build --build-base /home/mcc/Desktop/project_clifford_ws/ProjectClifford/build/ultrasonic/build install --record /home/mcc/Desktop/project_clifford_ws/ProjectClifford/build/ultrasonic/install.log --single-version-externally-managed install_data
